<?xml version="1.0" encoding="UTF-8"?>
<!-- Generated by org.testng.reporters.JUnitReportReporter -->
<testsuite skipped="0" hostname="DESKTOP-98I1HA0" name="scripts.InvalidLogin" tests="1" failures="0" timestamp="2021-05-27T21:47:10 IST" time="24.124" errors="0">
  <testcase name="testInvalidLogin" time="24.124" classname="scripts.InvalidLogin"/>
  <system-out>
    <![CDATA[Error message is displayed]]>
  </system-out>
</testsuite> <!-- scripts.InvalidLogin -->
